<?xml version="1.0" encoding="UTF-8"?>
<!-- Generated by org.testng.reporters.JUnitReportReporter -->
<testsuite hostname="CFLNAVALUR4889" failures="0" tests="4" name="api.test.UserTests" time="3.401" errors="0" timestamp="2023-08-09T15:48:14 IST" skipped="0">
  <testcase classname="api.test.UserTests" name="testPostUser" time="1.060"/>
  <testcase classname="api.test.UserTests" name="testGetUserByName" time="0.491"/>
  <testcase classname="api.test.UserTests" name="testUpdateUserByName" time="1.330"/>
  <testcase classname="api.test.UserTests" name="testDeleteUserByName" time="0.520"/>
</testsuite> <!-- api.test.UserTests -->
