<?xml version="1.0" encoding="UTF-8"?>
<!-- Generated by org.testng.reporters.JUnitReportReporter -->
<testsuite hostname="CFLNAVALUR4889" failures="0" tests="12" name="api.test.DataDrivenTest" time="13.859" errors="0" timestamp="2023-08-09T15:48:14 IST" skipped="0">
  <testcase classname="api.test.DataDrivenTest" name="testPostUser" time="0.579"/>
  <testcase classname="api.test.DataDrivenTest" name="testPostUser" time="0.843"/>
  <testcase classname="api.test.DataDrivenTest" name="testPostUser" time="0.807"/>
  <testcase classname="api.test.DataDrivenTest" name="testPostUser" time="4.781"/>
  <testcase classname="api.test.DataDrivenTest" name="testPostUser" time="0.501"/>
  <testcase classname="api.test.DataDrivenTest" name="testPostUser" time="0.750"/>
  <testcase classname="api.test.DataDrivenTest" name="testDeleteUserByName" time="1.527"/>
  <testcase classname="api.test.DataDrivenTest" name="testDeleteUserByName" time="0.568"/>
  <testcase classname="api.test.DataDrivenTest" name="testDeleteUserByName" time="0.812"/>
  <testcase classname="api.test.DataDrivenTest" name="testDeleteUserByName" time="0.492"/>
  <testcase classname="api.test.DataDrivenTest" name="testDeleteUserByName" time="0.613"/>
  <testcase classname="api.test.DataDrivenTest" name="testDeleteUserByName" time="1.586"/>
</testsuite> <!-- api.test.DataDrivenTest -->
