<?xml version="1.0" encoding="UTF-8"?>
<!-- Generated by org.testng.reporters.JUnitReportReporter -->
<testsuite hostname="LAPTOP-8L78EP89" failures="0" tests="1" name="adithyahraidas.Appium.DragDrop" time="5.617" errors="0" timestamp="2023-03-14T16:19:56 IST" skipped="0">
  <testcase classname="adithyahraidas.Appium.DragDrop" name="DragDropGesture" time="5.617"/>
  <system-out/>
</testsuite> <!-- adithyahraidas.Appium.DragDrop -->
