<?xml version="1.0" encoding="UTF-8"?>
<!-- Generated by org.testng.reporters.JUnitReportReporter -->
<testsuite hostname="LAPTOP-8L78EP89" failures="0" tests="1" name="adithyahraidas.Appium.Swipe" time="7.852" errors="0" timestamp="2023-03-14T15:18:30 IST" skipped="0">
  <testcase classname="adithyahraidas.Appium.Swipe" name="SwipeGesture" time="7.852"/>
  <system-out/>
</testsuite> <!-- adithyahraidas.Appium.Swipe -->
