<?xml version="1.0" encoding="UTF-8"?>
<!-- Generated by org.testng.reporters.JUnitReportReporter -->
<testsuite hostname="LAPTOP-8L78EP89" failures="0" tests="1" name="adithyahraidas.Appium.LongPress" time="9.050" errors="0" timestamp="2023-03-14T11:26:55 IST" skipped="0">
  <testcase classname="adithyahraidas.Appium.LongPress" name="LongPressGesture" time="9.050"/>
  <system-out/>
</testsuite> <!-- adithyahraidas.Appium.LongPress -->
