<?xml version="1.0" encoding="UTF-8"?>
<!-- Generated by org.testng.reporters.JUnitReportReporter -->
<testsuite hostname="LAPTOP-8L78EP89" failures="0" tests="1" name="adithyahraidas.Appium.eCommerce_TC_2" time="39.781" errors="0" timestamp="2023-03-19T15:32:36 IST" skipped="0">
  <testcase classname="adithyahraidas.Appium.eCommerce_TC_2" name="CheckPrice" time="39.781"/>
  <system-out/>
</testsuite> <!-- adithyahraidas.Appium.eCommerce_TC_2 -->
