<?xml version="1.0" encoding="UTF-8"?>
<!-- Generated by org.testng.reporters.JUnitReportReporter -->
<testsuite skipped="0" hostname="LAPTOP-8L78EP89" name="adithyahraidas.Appium.MobileBrowserTest" tests="1" failures="0" timestamp="23 Mar 2023 13:05:05 GMT" time="4.935" errors="0">
  <testcase name="browsertest" time="4.935" classname="adithyahraidas.Appium.MobileBrowserTest"/>
</testsuite> <!-- adithyahraidas.Appium.MobileBrowserTest -->
