<?xml version="1.0" encoding="UTF-8"?>
<!-- Generated by org.testng.reporters.JUnitReportReporter -->
<testsuite hostname="LAPTOP-8L78EP89" failures="0" tests="1" name="adithyahraidas.Appium.AppiumBasics" time="12.856" errors="0" timestamp="2023-03-14T18:43:12 IST" skipped="0">
  <testcase classname="adithyahraidas.Appium.AppiumBasics" name="WifiSettings" time="12.856"/>
  <system-out/>
</testsuite> <!-- adithyahraidas.Appium.AppiumBasics -->
