<?xml version="1.0" encoding="UTF-8"?>
<!-- Generated by org.testng.reporters.JUnitReportReporter -->
<testsuite hostname="LAPTOP-8L78EP89" failures="0" tests="1" name="adithyahraidas.Appium.Scroll" time="36.401" errors="0" timestamp="2023-03-14T13:01:02 IST" skipped="0">
  <testcase classname="adithyahraidas.Appium.Scroll" name="ScrollGesture" time="36.401"/>
  <system-out/>
</testsuite> <!-- adithyahraidas.Appium.Scroll -->
