<?xml version="1.0" encoding="UTF-8"?>
<!-- Generated by org.testng.reporters.JUnitReportReporter -->
<testsuite hostname="CFDDLF713" failures="0" tests="2" name="com.intebanking.testCases.Tc_Edit_Cust_Gtpl" time="15.772" errors="0" timestamp="2022-11-15T10:40:35 IST" skipped="0">
  <testcase classname="com.intebanking.testCases.Tc_Edit_Cust_Gtpl" name="EditCustomer" time="10.451"/>
  <system-out/>
  <testcase classname="com.intebanking.testCases.Tc_Edit_Cust_Gtpl" name="checkemptyid" time="5.321"/>
  <system-out/>
</testsuite> <!-- com.intebanking.testCases.Tc_Edit_Cust_Gtpl -->
