<?xml version="1.0" encoding="UTF-8"?>
<!-- Generated by org.testng.reporters.JUnitReportReporter -->
<testsuite hostname="CFDDLF713" failures="0" tests="1" name="Project.Training.One" time="15.950" errors="0" timestamp="2022-11-09T17:52:20 IST" skipped="0">
  <testcase classname="Project.Training.One" name="test" time="15.950"/>
  <system-out/>
</testsuite> <!-- Project.Training.One -->
