<?xml version="1.0" encoding="UTF-8"?>
<!-- Generated by org.testng.reporters.JUnitReportReporter -->
<testsuite hostname="CFDDLF713" failures="0" tests="3" name="com.intebanking.testCases.Tc_Delete_Account_Gtpl" time="19.699" errors="0" timestamp="2022-11-15T12:19:18 IST" skipped="0">
  <testcase classname="com.intebanking.testCases.Tc_Delete_Account_Gtpl" name="testreset" time="6.656"/>
  <system-out/>
  <testcase classname="com.intebanking.testCases.Tc_Delete_Account_Gtpl" name="DELETEAccount" time="9.215"/>
  <system-out/>
  <testcase classname="com.intebanking.testCases.Tc_Delete_Account_Gtpl" name="blankdelete" time="3.828"/>
  <system-out/>
</testsuite> <!-- com.intebanking.testCases.Tc_Delete_Account_Gtpl -->
