<?xml version="1.0" encoding="UTF-8"?>
<!-- Generated by org.testng.reporters.JUnitReportReporter -->
<testsuite hostname="CFDDLF713" failures="0" tests="3" name="com.intebanking.testCases.TC_AddCustomer_Test" time="22.200" errors="0" timestamp="2022-11-14T19:07:28 IST" skipped="0">
  <testcase classname="com.intebanking.testCases.TC_AddCustomer_Test" name="withoutemail" time="8.478"/>
  <system-out/>
  <testcase classname="com.intebanking.testCases.TC_AddCustomer_Test" name="checkresetbutton" time="3.994"/>
  <system-out/>
  <testcase classname="com.intebanking.testCases.TC_AddCustomer_Test" name="addnewcustomer" time="9.728"/>
  <system-out/>
</testsuite> <!-- com.intebanking.testCases.TC_AddCustomer_Test -->
